<?xml version="1.0" encoding="UTF-8"?>
<testsuite name="superheroes.ProblemTest" tests="1" skipped="0" failures="0" errors="0" timestamp="2023-01-12T09:38:51" hostname="DESKTOP-N7BOHMI" time="0.035">
  <properties/>
  <testcase name="getTimeTest()" classname="superheroes.ProblemTest" time="0.035"/>
  <system-out><![CDATA[]]></system-out>
  <system-err><![CDATA[]]></system-err>
</testsuite>
